<?xml version="1.0" encoding="UTF-8" ?>

<testsuite failures="0" time="0.047" errors="0" skipped="0" tests="5" name="BasicTest">
  <testcase classname="BasicTest" name="createAndRetrieveUser" time="0.015">
      </testcase>
  <testcase classname="BasicTest" name="tryConnectAsUser" time="0">
      </testcase>
  <testcase classname="BasicTest" name="createPost" time="0">
      </testcase>
  <testcase classname="BasicTest" name="useTheCommentsRelaton" time="0">
      </testcase>
  <testcase classname="BasicTest" name="yamlTest" time="0.032">
      </testcase>
</testsuite>
